\BOOKMARK [0][-]{chapter.1}{\376\377\0001\000\040\000C\000l\000a\000s\000s\000\040\000I\000n\000d\000e\000x}{}% 1
\BOOKMARK [1][-]{section.1.1}{\376\377\0001\000.\0001\000\040\000C\000l\000a\000s\000s\000\040\000L\000i\000s\000t}{chapter.1}% 2
\BOOKMARK [0][-]{chapter.2}{\376\377\0002\000\040\000F\000i\000l\000e\000\040\000I\000n\000d\000e\000x}{}% 3
\BOOKMARK [1][-]{section.2.1}{\376\377\0002\000.\0001\000\040\000F\000i\000l\000e\000\040\000L\000i\000s\000t}{chapter.2}% 4
\BOOKMARK [0][-]{chapter.3}{\376\377\0003\000\040\000C\000l\000a\000s\000s\000\040\000D\000o\000c\000u\000m\000e\000n\000t\000a\000t\000i\000o\000n}{}% 5
\BOOKMARK [1][-]{section.3.1}{\376\377\0003\000.\0001\000\040\000A\000f\000f\000\137\000P\000o\000i\000n\000t\000\137\000s\000\040\000S\000t\000r\000u\000c\000t\000\040\000R\000e\000f\000e\000r\000e\000n\000c\000e}{chapter.3}% 6
\BOOKMARK [2][-]{subsection.3.1.1}{\376\377\0003\000.\0001\000.\0001\000\040\000D\000e\000t\000a\000i\000l\000e\000d\000\040\000D\000e\000s\000c\000r\000i\000p\000t\000i\000o\000n}{section.3.1}% 7
\BOOKMARK [2][-]{subsection.3.1.2}{\376\377\0003\000.\0001\000.\0002\000\040\000M\000e\000m\000b\000e\000r\000\040\000D\000a\000t\000a\000\040\000D\000o\000c\000u\000m\000e\000n\000t\000a\000t\000i\000o\000n}{section.3.1}% 8
\BOOKMARK [3][-]{subsubsection.3.1.2.1}{\376\377\0003\000.\0001\000.\0002\000.\0001\000\040\000x}{subsection.3.1.2}% 9
\BOOKMARK [3][-]{subsubsection.3.1.2.2}{\376\377\0003\000.\0001\000.\0002\000.\0002\000\040\000y}{subsection.3.1.2}% 10
\BOOKMARK [1][-]{section.3.2}{\376\377\0003\000.\0002\000\040\000M\000o\000n\000t\000g\000\137\000C\000u\000r\000v\000e\000\137\000s\000\040\000S\000t\000r\000u\000c\000t\000\040\000R\000e\000f\000e\000r\000e\000n\000c\000e}{chapter.3}% 11
\BOOKMARK [2][-]{subsection.3.2.1}{\376\377\0003\000.\0002\000.\0001\000\040\000D\000e\000t\000a\000i\000l\000e\000d\000\040\000D\000e\000s\000c\000r\000i\000p\000t\000i\000o\000n}{section.3.2}% 12
\BOOKMARK [2][-]{subsection.3.2.2}{\376\377\0003\000.\0002\000.\0002\000\040\000M\000e\000m\000b\000e\000r\000\040\000D\000a\000t\000a\000\040\000D\000o\000c\000u\000m\000e\000n\000t\000a\000t\000i\000o\000n}{section.3.2}% 13
\BOOKMARK [3][-]{subsubsection.3.2.2.1}{\376\377\0003\000.\0002\000.\0002\000.\0001\000\040\000A}{subsection.3.2.2}% 14
\BOOKMARK [3][-]{subsubsection.3.2.2.2}{\376\377\0003\000.\0002\000.\0002\000.\0002\000\040\000B}{subsection.3.2.2}% 15
\BOOKMARK [3][-]{subsubsection.3.2.2.3}{\376\377\0003\000.\0002\000.\0002\000.\0003\000\040\000n}{subsection.3.2.2}% 16
\BOOKMARK [1][-]{section.3.3}{\376\377\0003\000.\0003\000\040\000P\000r\000o\000\137\000P\000o\000i\000n\000t\000\137\000s\000\040\000S\000t\000r\000u\000c\000t\000\040\000R\000e\000f\000e\000r\000e\000n\000c\000e}{chapter.3}% 17
\BOOKMARK [2][-]{subsection.3.3.1}{\376\377\0003\000.\0003\000.\0001\000\040\000D\000e\000t\000a\000i\000l\000e\000d\000\040\000D\000e\000s\000c\000r\000i\000p\000t\000i\000o\000n}{section.3.3}% 18
\BOOKMARK [2][-]{subsection.3.3.2}{\376\377\0003\000.\0003\000.\0002\000\040\000M\000e\000m\000b\000e\000r\000\040\000D\000a\000t\000a\000\040\000D\000o\000c\000u\000m\000e\000n\000t\000a\000t\000i\000o\000n}{section.3.3}% 19
\BOOKMARK [3][-]{subsubsection.3.3.2.1}{\376\377\0003\000.\0003\000.\0002\000.\0001\000\040\000X}{subsection.3.3.2}% 20
\BOOKMARK [3][-]{subsubsection.3.3.2.2}{\376\377\0003\000.\0003\000.\0002\000.\0002\000\040\000Y}{subsection.3.3.2}% 21
\BOOKMARK [3][-]{subsubsection.3.3.2.3}{\376\377\0003\000.\0003\000.\0002\000.\0003\000\040\000Z}{subsection.3.3.2}% 22
\BOOKMARK [0][-]{chapter.4}{\376\377\0004\000\040\000F\000i\000l\000e\000\040\000D\000o\000c\000u\000m\000e\000n\000t\000a\000t\000i\000o\000n}{}% 23
\BOOKMARK [1][-]{section.4.1}{\376\377\0004\000.\0001\000\040\000e\000c\000m\000.\000c\000\040\000F\000i\000l\000e\000\040\000R\000e\000f\000e\000r\000e\000n\000c\000e}{chapter.4}% 24
\BOOKMARK [2][-]{subsection.4.1.1}{\376\377\0004\000.\0001\000.\0001\000\040\000D\000e\000t\000a\000i\000l\000e\000d\000\040\000D\000e\000s\000c\000r\000i\000p\000t\000i\000o\000n}{section.4.1}% 25
\BOOKMARK [2][-]{subsection.4.1.2}{\376\377\0004\000.\0001\000.\0002\000\040\000F\000u\000n\000c\000t\000i\000o\000n\000\040\000D\000o\000c\000u\000m\000e\000n\000t\000a\000t\000i\000o\000n}{section.4.1}% 26
\BOOKMARK [3][-]{subsubsection.4.1.2.1}{\376\377\0004\000.\0001\000.\0002\000.\0001\000\040\000e\000c\000m\000\050\000\051}{subsection.4.1.2}% 27
\BOOKMARK [1][-]{section.4.2}{\376\377\0004\000.\0002\000\040\000e\000c\000m\000.\000h\000\040\000F\000i\000l\000e\000\040\000R\000e\000f\000e\000r\000e\000n\000c\000e}{chapter.4}% 28
\BOOKMARK [2][-]{subsection.4.2.1}{\376\377\0004\000.\0002\000.\0001\000\040\000D\000e\000t\000a\000i\000l\000e\000d\000\040\000D\000e\000s\000c\000r\000i\000p\000t\000i\000o\000n}{section.4.2}% 29
\BOOKMARK [2][-]{subsection.4.2.2}{\376\377\0004\000.\0002\000.\0002\000\040\000M\000a\000c\000r\000o\000\040\000D\000e\000f\000i\000n\000i\000t\000i\000o\000n\000\040\000D\000o\000c\000u\000m\000e\000n\000t\000a\000t\000i\000o\000n}{section.4.2}% 30
\BOOKMARK [3][-]{subsubsection.4.2.2.1}{\376\377\0004\000.\0002\000.\0002\000.\0001\000\040\000B\000\137\000T\000H\000R\000E\000S\000H\000O\000L\000D}{subsection.4.2.2}% 31
\BOOKMARK [3][-]{subsubsection.4.2.2.2}{\376\377\0004\000.\0002\000.\0002\000.\0002\000\040\000C\000R\000V\000\137\000T\000H\000R\000E\000S\000H\000O\000L\000D}{subsection.4.2.2}% 32
\BOOKMARK [2][-]{subsection.4.2.3}{\376\377\0004\000.\0002\000.\0003\000\040\000F\000u\000n\000c\000t\000i\000o\000n\000\040\000D\000o\000c\000u\000m\000e\000n\000t\000a\000t\000i\000o\000n}{section.4.2}% 33
\BOOKMARK [3][-]{subsubsection.4.2.3.1}{\376\377\0004\000.\0002\000.\0003\000.\0001\000\040\000e\000c\000m\000\050\000\051}{subsection.4.2.3}% 34
\BOOKMARK [1][-]{section.4.3}{\376\377\0004\000.\0003\000\040\000m\000a\000i\000n\000.\000c\000\040\000F\000i\000l\000e\000\040\000R\000e\000f\000e\000r\000e\000n\000c\000e}{chapter.4}% 35
\BOOKMARK [2][-]{subsection.4.3.1}{\376\377\0004\000.\0003\000.\0001\000\040\000F\000u\000n\000c\000t\000i\000o\000n\000\040\000D\000o\000c\000u\000m\000e\000n\000t\000a\000t\000i\000o\000n}{section.4.3}% 36
\BOOKMARK [3][-]{subsubsection.4.3.1.1}{\376\377\0004\000.\0003\000.\0001\000.\0001\000\040\000m\000a\000i\000n\000\050\000\051}{subsection.4.3.1}% 37
\BOOKMARK [1][-]{section.4.4}{\376\377\0004\000.\0004\000\040\000m\000o\000n\000t\000g\000o\000m\000e\000r\000y\000.\000c\000\040\000F\000i\000l\000e\000\040\000R\000e\000f\000e\000r\000e\000n\000c\000e}{chapter.4}% 38
\BOOKMARK [2][-]{subsection.4.4.1}{\376\377\0004\000.\0004\000.\0001\000\040\000D\000e\000t\000a\000i\000l\000e\000d\000\040\000D\000e\000s\000c\000r\000i\000p\000t\000i\000o\000n}{section.4.4}% 39
\BOOKMARK [2][-]{subsection.4.4.2}{\376\377\0004\000.\0004\000.\0002\000\040\000F\000u\000n\000c\000t\000i\000o\000n\000\040\000D\000o\000c\000u\000m\000e\000n\000t\000a\000t\000i\000o\000n}{section.4.4}% 40
\BOOKMARK [3][-]{subsubsection.4.4.2.1}{\376\377\0004\000.\0004\000.\0002\000.\0001\000\040\000a\000f\000f\000\137\000a\000d\000d\000\050\000\051}{subsection.4.4.2}% 41
\BOOKMARK [3][-]{subsubsection.4.4.2.2}{\376\377\0004\000.\0004\000.\0002\000.\0002\000\040\000a\000f\000f\000\137\000c\000u\000r\000v\000e\000\137\000p\000o\000i\000n\000t\000\050\000\051}{subsection.4.4.2}% 42
\BOOKMARK [3][-]{subsubsection.4.4.2.3}{\376\377\0004\000.\0004\000.\0002\000.\0003\000\040\000a\000f\000f\000\137\000d\000b\000l\000\050\000\051}{subsection.4.4.2}% 43
\BOOKMARK [3][-]{subsubsection.4.4.2.4}{\376\377\0004\000.\0004\000.\0002\000.\0004\000\040\000a\000f\000f\000\137\000i\000s\000\137\000o\000n\000\137\000c\000u\000r\000v\000e\000\050\000\051}{subsection.4.4.2}% 44
\BOOKMARK [3][-]{subsubsection.4.4.2.5}{\376\377\0004\000.\0004\000.\0002\000.\0005\000\040\000a\000f\000f\000\137\000l\000a\000d\000d\000e\000r\000\050\000\051}{subsection.4.4.2}% 45
\BOOKMARK [3][-]{subsubsection.4.4.2.6}{\376\377\0004\000.\0004\000.\0002\000.\0006\000\040\000p\000r\000o\000\137\000a\000d\000d\000\050\000\051}{subsection.4.4.2}% 46
\BOOKMARK [3][-]{subsubsection.4.4.2.7}{\376\377\0004\000.\0004\000.\0002\000.\0007\000\040\000p\000r\000o\000\137\000c\000u\000r\000v\000e\000\137\000p\000o\000i\000n\000t\000\050\000\051}{subsection.4.4.2}% 47
\BOOKMARK [3][-]{subsubsection.4.4.2.8}{\376\377\0004\000.\0004\000.\0002\000.\0008\000\040\000p\000r\000o\000\137\000d\000b\000l\000\050\000\051}{subsection.4.4.2}% 48
\BOOKMARK [3][-]{subsubsection.4.4.2.9}{\376\377\0004\000.\0004\000.\0002\000.\0009\000\040\000p\000r\000o\000\137\000i\000s\000\137\000o\000n\000\137\000c\000u\000r\000v\000e\000\050\000\051}{subsection.4.4.2}% 49
\BOOKMARK [3][-]{subsubsection.4.4.2.10}{\376\377\0004\000.\0004\000.\0002\000.\0001\0000\000\040\000p\000r\000o\000\137\000l\000a\000d\000d\000e\000r\000\050\000\051}{subsection.4.4.2}% 50
\BOOKMARK [1][-]{section.4.5}{\376\377\0004\000.\0005\000\040\000m\000o\000n\000t\000g\000o\000m\000e\000r\000y\000.\000h\000\040\000F\000i\000l\000e\000\040\000R\000e\000f\000e\000r\000e\000n\000c\000e}{chapter.4}% 51
\BOOKMARK [2][-]{subsection.4.5.1}{\376\377\0004\000.\0005\000.\0001\000\040\000D\000e\000t\000a\000i\000l\000e\000d\000\040\000D\000e\000s\000c\000r\000i\000p\000t\000i\000o\000n}{section.4.5}% 52
\BOOKMARK [2][-]{subsection.4.5.2}{\376\377\0004\000.\0005\000.\0002\000\040\000T\000y\000p\000e\000d\000e\000f\000\040\000D\000o\000c\000u\000m\000e\000n\000t\000a\000t\000i\000o\000n}{section.4.5}% 53
\BOOKMARK [3][-]{subsubsection.4.5.2.1}{\376\377\0004\000.\0005\000.\0002\000.\0001\000\040\000A\000F\000F\000\137\000P\000O\000I\000N\000T}{subsection.4.5.2}% 54
\BOOKMARK [3][-]{subsubsection.4.5.2.2}{\376\377\0004\000.\0005\000.\0002\000.\0002\000\040\000A\000F\000F\000\137\000P\000O\000I\000N\000T\000\137\000t}{subsection.4.5.2}% 55
\BOOKMARK [3][-]{subsubsection.4.5.2.3}{\376\377\0004\000.\0005\000.\0002\000.\0003\000\040\000M\000O\000N\000T\000G\000\137\000C\000U\000R\000V\000E}{subsection.4.5.2}% 56
\BOOKMARK [3][-]{subsubsection.4.5.2.4}{\376\377\0004\000.\0005\000.\0002\000.\0004\000\040\000M\000O\000N\000T\000G\000\137\000C\000U\000R\000V\000E\000\137\000t}{subsection.4.5.2}% 57
\BOOKMARK [3][-]{subsubsection.4.5.2.5}{\376\377\0004\000.\0005\000.\0002\000.\0005\000\040\000P\000R\000O\000\137\000P\000O\000I\000N\000T}{subsection.4.5.2}% 58
\BOOKMARK [3][-]{subsubsection.4.5.2.6}{\376\377\0004\000.\0005\000.\0002\000.\0006\000\040\000P\000R\000O\000\137\000P\000O\000I\000N\000T\000\137\000t}{subsection.4.5.2}% 59
\BOOKMARK [2][-]{subsection.4.5.3}{\376\377\0004\000.\0005\000.\0003\000\040\000F\000u\000n\000c\000t\000i\000o\000n\000\040\000D\000o\000c\000u\000m\000e\000n\000t\000a\000t\000i\000o\000n}{section.4.5}% 60
\BOOKMARK [3][-]{subsubsection.4.5.3.1}{\376\377\0004\000.\0005\000.\0003\000.\0001\000\040\000a\000f\000f\000\137\000a\000d\000d\000\050\000\051}{subsection.4.5.3}% 61
\BOOKMARK [3][-]{subsubsection.4.5.3.2}{\376\377\0004\000.\0005\000.\0003\000.\0002\000\040\000a\000f\000f\000\137\000c\000u\000r\000v\000e\000\137\000p\000o\000i\000n\000t\000\050\000\051}{subsection.4.5.3}% 62
\BOOKMARK [3][-]{subsubsection.4.5.3.3}{\376\377\0004\000.\0005\000.\0003\000.\0003\000\040\000a\000f\000f\000\137\000d\000b\000l\000\050\000\051}{subsection.4.5.3}% 63
\BOOKMARK [3][-]{subsubsection.4.5.3.4}{\376\377\0004\000.\0005\000.\0003\000.\0004\000\040\000a\000f\000f\000\137\000i\000s\000\137\000o\000n\000\137\000c\000u\000r\000v\000e\000\050\000\051}{subsection.4.5.3}% 64
\BOOKMARK [3][-]{subsubsection.4.5.3.5}{\376\377\0004\000.\0005\000.\0003\000.\0005\000\040\000a\000f\000f\000\137\000l\000a\000d\000d\000e\000r\000\050\000\051}{subsection.4.5.3}% 65
\BOOKMARK [3][-]{subsubsection.4.5.3.6}{\376\377\0004\000.\0005\000.\0003\000.\0006\000\040\000p\000r\000o\000\137\000a\000d\000d\000\050\000\051}{subsection.4.5.3}% 66
\BOOKMARK [3][-]{subsubsection.4.5.3.7}{\376\377\0004\000.\0005\000.\0003\000.\0007\000\040\000p\000r\000o\000\137\000c\000u\000r\000v\000e\000\137\000p\000o\000i\000n\000t\000\050\000\051}{subsection.4.5.3}% 67
\BOOKMARK [3][-]{subsubsection.4.5.3.8}{\376\377\0004\000.\0005\000.\0003\000.\0008\000\040\000p\000r\000o\000\137\000d\000b\000l\000\050\000\051}{subsection.4.5.3}% 68
\BOOKMARK [3][-]{subsubsection.4.5.3.9}{\376\377\0004\000.\0005\000.\0003\000.\0009\000\040\000p\000r\000o\000\137\000i\000s\000\137\000o\000n\000\137\000c\000u\000r\000v\000e\000\050\000\051}{subsection.4.5.3}% 69
\BOOKMARK [3][-]{subsubsection.4.5.3.10}{\376\377\0004\000.\0005\000.\0003\000.\0001\0000\000\040\000p\000r\000o\000\137\000l\000a\000d\000d\000e\000r\000\050\000\051}{subsection.4.5.3}% 70
\BOOKMARK [1][-]{section.4.6}{\376\377\0004\000.\0006\000\040\000m\000p\000l\000i\000b\000.\000c\000\040\000F\000i\000l\000e\000\040\000R\000e\000f\000e\000r\000e\000n\000c\000e}{chapter.4}% 71
\BOOKMARK [2][-]{subsection.4.6.1}{\376\377\0004\000.\0006\000.\0001\000\040\000D\000e\000t\000a\000i\000l\000e\000d\000\040\000D\000e\000s\000c\000r\000i\000p\000t\000i\000o\000n}{section.4.6}% 72
\BOOKMARK [2][-]{subsection.4.6.2}{\376\377\0004\000.\0006\000.\0002\000\040\000F\000u\000n\000c\000t\000i\000o\000n\000\040\000D\000o\000c\000u\000m\000e\000n\000t\000a\000t\000i\000o\000n}{section.4.6}% 73
\BOOKMARK [3][-]{subsubsection.4.6.2.1}{\376\377\0004\000.\0006\000.\0002\000.\0001\000\040\000b\000a\000r\000r\000e\000t\000\137\000r\000e\000d\000u\000c\000t\000i\000o\000n\000\050\000\051}{subsection.4.6.2}% 74
\BOOKMARK [3][-]{subsubsection.4.6.2.2}{\376\377\0004\000.\0006\000.\0002\000.\0002\000\040\000b\000a\000r\000r\000e\000t\000\137\000r\000e\000d\000u\000c\000t\000i\000o\000n\000\137\000U\000L\000\050\000\051}{subsection.4.6.2}% 75
\BOOKMARK [3][-]{subsubsection.4.6.2.3}{\376\377\0004\000.\0006\000.\0002\000.\0003\000\040\000b\000i\000g\000\137\000a\000d\000d\000\050\000\051}{subsection.4.6.2}% 76
\BOOKMARK [3][-]{subsubsection.4.6.2.4}{\376\377\0004\000.\0006\000.\0002\000.\0004\000\040\000b\000i\000g\000\137\000g\000c\000d\000\050\000\051}{subsection.4.6.2}% 77
\BOOKMARK [3][-]{subsubsection.4.6.2.5}{\376\377\0004\000.\0006\000.\0002\000.\0005\000\040\000b\000i\000g\000\137\000g\000e\000t\000\137\000A\0002\0004\000\050\000\051}{subsection.4.6.2}% 78
\BOOKMARK [3][-]{subsubsection.4.6.2.6}{\376\377\0004\000.\0006\000.\0002\000.\0006\000\040\000b\000i\000g\000\137\000g\000e\000t\000\137\000m\000u\000\050\000\051}{subsection.4.6.2}% 79
\BOOKMARK [3][-]{subsubsection.4.6.2.7}{\376\377\0004\000.\0006\000.\0002\000.\0007\000\040\000b\000i\000g\000\137\000i\000n\000v\000e\000r\000t\000\050\000\051}{subsection.4.6.2}% 80
\BOOKMARK [3][-]{subsubsection.4.6.2.8}{\376\377\0004\000.\0006\000.\0002\000.\0008\000\040\000b\000i\000g\000\137\000i\000s\000\137\000e\000q\000u\000a\000l\000\050\000\051}{subsection.4.6.2}% 81
\BOOKMARK [3][-]{subsubsection.4.6.2.9}{\376\377\0004\000.\0006\000.\0002\000.\0009\000\040\000b\000i\000g\000\137\000i\000s\000\137\000e\000q\000u\000a\000l\000\137\000u\000i\000\050\000\051}{subsection.4.6.2}% 82
\BOOKMARK [3][-]{subsubsection.4.6.2.10}{\376\377\0004\000.\0006\000.\0002\000.\0001\0000\000\040\000b\000i\000g\000\137\000m\000o\000d\000\137\000a\000d\000d\000\050\000\051}{subsection.4.6.2}% 83
\BOOKMARK [3][-]{subsubsection.4.6.2.11}{\376\377\0004\000.\0006\000.\0002\000.\0001\0001\000\040\000b\000i\000g\000\137\000m\000o\000d\000\137\000m\000u\000l\000\050\000\051}{subsection.4.6.2}% 84
\BOOKMARK [3][-]{subsubsection.4.6.2.12}{\376\377\0004\000.\0006\000.\0002\000.\0001\0002\000\040\000b\000i\000g\000\137\000m\000o\000d\000\137\000r\000a\000n\000d\000\050\000\051}{subsection.4.6.2}% 85
\BOOKMARK [3][-]{subsubsection.4.6.2.13}{\376\377\0004\000.\0006\000.\0002\000.\0001\0003\000\040\000b\000i\000g\000\137\000m\000o\000d\000\137\000s\000u\000b\000\050\000\051}{subsection.4.6.2}% 86
\BOOKMARK [3][-]{subsubsection.4.6.2.14}{\376\377\0004\000.\0006\000.\0002\000.\0001\0004\000\040\000b\000i\000g\000\137\000m\000u\000l\000\050\000\051}{subsection.4.6.2}% 87
\BOOKMARK [3][-]{subsubsection.4.6.2.15}{\376\377\0004\000.\0006\000.\0002\000.\0001\0005\000\040\000b\000i\000g\000\137\000p\000r\000i\000n\000t\000\050\000\051}{subsection.4.6.2}% 88
\BOOKMARK [3][-]{subsubsection.4.6.2.16}{\376\377\0004\000.\0006\000.\0002\000.\0001\0006\000\040\000b\000i\000g\000\137\000r\000a\000n\000d\000\050\000\051}{subsection.4.6.2}% 89
\BOOKMARK [3][-]{subsubsection.4.6.2.17}{\376\377\0004\000.\0006\000.\0002\000.\0001\0007\000\040\000b\000i\000g\000\137\000s\000u\000b\000\050\000\051}{subsection.4.6.2}% 90
\BOOKMARK [1][-]{section.4.7}{\376\377\0004\000.\0007\000\040\000m\000p\000l\000i\000b\000.\000h\000\040\000F\000i\000l\000e\000\040\000R\000e\000f\000e\000r\000e\000n\000c\000e}{chapter.4}% 91
\BOOKMARK [2][-]{subsection.4.7.1}{\376\377\0004\000.\0007\000.\0001\000\040\000D\000e\000t\000a\000i\000l\000e\000d\000\040\000D\000e\000s\000c\000r\000i\000p\000t\000i\000o\000n}{section.4.7}% 92
\BOOKMARK [2][-]{subsection.4.7.2}{\376\377\0004\000.\0007\000.\0002\000\040\000M\000a\000c\000r\000o\000\040\000D\000e\000f\000i\000n\000i\000t\000i\000o\000n\000\040\000D\000o\000c\000u\000m\000e\000n\000t\000a\000t\000i\000o\000n}{section.4.7}% 93
\BOOKMARK [3][-]{subsubsection.4.7.2.1}{\376\377\0004\000.\0007\000.\0002\000.\0001\000\040\000b\000i\000g\000\137\000c\000p\000y}{subsection.4.7.2}% 94
\BOOKMARK [3][-]{subsubsection.4.7.2.2}{\376\377\0004\000.\0007\000.\0002\000.\0002\000\040\000W}{subsection.4.7.2}% 95
\BOOKMARK [2][-]{subsection.4.7.3}{\376\377\0004\000.\0007\000.\0003\000\040\000T\000y\000p\000e\000d\000e\000f\000\040\000D\000o\000c\000u\000m\000e\000n\000t\000a\000t\000i\000o\000n}{section.4.7}% 96
\BOOKMARK [3][-]{subsubsection.4.7.3.1}{\376\377\0004\000.\0007\000.\0003\000.\0001\000\040\000u\000i}{subsection.4.7.3}% 97
\BOOKMARK [3][-]{subsubsection.4.7.3.2}{\376\377\0004\000.\0007\000.\0003\000.\0002\000\040\000u\000i\000\137\000t}{subsection.4.7.3}% 98
\BOOKMARK [3][-]{subsubsection.4.7.3.3}{\376\377\0004\000.\0007\000.\0003\000.\0003\000\040\000u\000n\000i}{subsection.4.7.3}% 99
\BOOKMARK [3][-]{subsubsection.4.7.3.4}{\376\377\0004\000.\0007\000.\0003\000.\0004\000\040\000u\000n\000i\000\137\000t}{subsection.4.7.3}% 100
\BOOKMARK [2][-]{subsection.4.7.4}{\376\377\0004\000.\0007\000.\0004\000\040\000F\000u\000n\000c\000t\000i\000o\000n\000\040\000D\000o\000c\000u\000m\000e\000n\000t\000a\000t\000i\000o\000n}{section.4.7}% 101
\BOOKMARK [3][-]{subsubsection.4.7.4.1}{\376\377\0004\000.\0007\000.\0004\000.\0001\000\040\000b\000a\000r\000r\000e\000t\000\137\000r\000e\000d\000u\000c\000t\000i\000o\000n\000\050\000\051}{subsection.4.7.4}% 102
\BOOKMARK [3][-]{subsubsection.4.7.4.2}{\376\377\0004\000.\0007\000.\0004\000.\0002\000\040\000b\000a\000r\000r\000e\000t\000\137\000r\000e\000d\000u\000c\000t\000i\000o\000n\000\137\000U\000L\000\050\000\051}{subsection.4.7.4}% 103
\BOOKMARK [3][-]{subsubsection.4.7.4.3}{\376\377\0004\000.\0007\000.\0004\000.\0003\000\040\000b\000i\000g\000\137\000a\000d\000d\000\050\000\051}{subsection.4.7.4}% 104
\BOOKMARK [3][-]{subsubsection.4.7.4.4}{\376\377\0004\000.\0007\000.\0004\000.\0004\000\040\000b\000i\000g\000\137\000g\000c\000d\000\050\000\051}{subsection.4.7.4}% 105
\BOOKMARK [3][-]{subsubsection.4.7.4.5}{\376\377\0004\000.\0007\000.\0004\000.\0005\000\040\000b\000i\000g\000\137\000g\000e\000t\000\137\000A\0002\0004\000\050\000\051}{subsection.4.7.4}% 106
\BOOKMARK [3][-]{subsubsection.4.7.4.6}{\376\377\0004\000.\0007\000.\0004\000.\0006\000\040\000b\000i\000g\000\137\000g\000e\000t\000\137\000m\000u\000\050\000\051}{subsection.4.7.4}% 107
\BOOKMARK [3][-]{subsubsection.4.7.4.7}{\376\377\0004\000.\0007\000.\0004\000.\0007\000\040\000b\000i\000g\000\137\000i\000n\000v\000e\000r\000t\000\050\000\051}{subsection.4.7.4}% 108
\BOOKMARK [3][-]{subsubsection.4.7.4.8}{\376\377\0004\000.\0007\000.\0004\000.\0008\000\040\000b\000i\000g\000\137\000i\000s\000\137\000e\000q\000u\000a\000l\000\050\000\051}{subsection.4.7.4}% 109
\BOOKMARK [3][-]{subsubsection.4.7.4.9}{\376\377\0004\000.\0007\000.\0004\000.\0009\000\040\000b\000i\000g\000\137\000i\000s\000\137\000e\000q\000u\000a\000l\000\137\000u\000i\000\050\000\051}{subsection.4.7.4}% 110
\BOOKMARK [3][-]{subsubsection.4.7.4.10}{\376\377\0004\000.\0007\000.\0004\000.\0001\0000\000\040\000b\000i\000g\000\137\000m\000o\000d\000\137\000a\000d\000d\000\050\000\051}{subsection.4.7.4}% 111
\BOOKMARK [3][-]{subsubsection.4.7.4.11}{\376\377\0004\000.\0007\000.\0004\000.\0001\0001\000\040\000b\000i\000g\000\137\000m\000o\000d\000\137\000m\000u\000l\000\050\000\051}{subsection.4.7.4}% 112
\BOOKMARK [3][-]{subsubsection.4.7.4.12}{\376\377\0004\000.\0007\000.\0004\000.\0001\0002\000\040\000b\000i\000g\000\137\000m\000o\000d\000\137\000r\000a\000n\000d\000\050\000\051}{subsection.4.7.4}% 113
\BOOKMARK [3][-]{subsubsection.4.7.4.13}{\376\377\0004\000.\0007\000.\0004\000.\0001\0003\000\040\000b\000i\000g\000\137\000m\000o\000d\000\137\000s\000u\000b\000\050\000\051}{subsection.4.7.4}% 114
\BOOKMARK [3][-]{subsubsection.4.7.4.14}{\376\377\0004\000.\0007\000.\0004\000.\0001\0004\000\040\000b\000i\000g\000\137\000m\000u\000l\000\050\000\051}{subsection.4.7.4}% 115
\BOOKMARK [3][-]{subsubsection.4.7.4.15}{\376\377\0004\000.\0007\000.\0004\000.\0001\0005\000\040\000b\000i\000g\000\137\000p\000r\000i\000n\000t\000\050\000\051}{subsection.4.7.4}% 116
\BOOKMARK [3][-]{subsubsection.4.7.4.16}{\376\377\0004\000.\0007\000.\0004\000.\0001\0006\000\040\000b\000i\000g\000\137\000r\000a\000n\000d\000\050\000\051}{subsection.4.7.4}% 117
\BOOKMARK [3][-]{subsubsection.4.7.4.17}{\376\377\0004\000.\0007\000.\0004\000.\0001\0007\000\040\000b\000i\000g\000\137\000s\000u\000b\000\050\000\051}{subsection.4.7.4}% 118
\BOOKMARK [1][-]{section.4.8}{\376\377\0004\000.\0008\000\040\000t\000e\000s\000t\000.\000c\000\040\000F\000i\000l\000e\000\040\000R\000e\000f\000e\000r\000e\000n\000c\000e}{chapter.4}% 119
\BOOKMARK [2][-]{subsection.4.8.1}{\376\377\0004\000.\0008\000.\0001\000\040\000D\000e\000t\000a\000i\000l\000e\000d\000\040\000D\000e\000s\000c\000r\000i\000p\000t\000i\000o\000n}{section.4.8}% 120
\BOOKMARK [2][-]{subsection.4.8.2}{\376\377\0004\000.\0008\000.\0002\000\040\000F\000u\000n\000c\000t\000i\000o\000n\000\040\000D\000o\000c\000u\000m\000e\000n\000t\000a\000t\000i\000o\000n}{section.4.8}% 121
\BOOKMARK [3][-]{subsubsection.4.8.2.1}{\376\377\0004\000.\0008\000.\0002\000.\0001\000\040\000a\000f\000f\000\137\000c\000u\000r\000v\000e\000\137\000p\000o\000i\000n\000t\000\137\000g\000m\000p\000\137\000t\000e\000s\000t\000\050\000\051}{subsection.4.8.2}% 122
\BOOKMARK [3][-]{subsubsection.4.8.2.2}{\376\377\0004\000.\0008\000.\0002\000.\0002\000\040\000e\000c\000m\000\137\000t\000e\000s\000t\000\050\000\051}{subsection.4.8.2}% 123
\BOOKMARK [3][-]{subsubsection.4.8.2.3}{\376\377\0004\000.\0008\000.\0002\000.\0003\000\040\000p\000r\000o\000\137\000a\000d\000d\000\137\000g\000m\000p\000\137\000t\000e\000s\000t\000\050\000\051}{subsection.4.8.2}% 124
\BOOKMARK [3][-]{subsubsection.4.8.2.4}{\376\377\0004\000.\0008\000.\0002\000.\0004\000\040\000p\000r\000o\000\137\000a\000d\000d\000\137\000m\000a\000g\000m\000a\000\137\000t\000e\000s\000t\000\050\000\051}{subsection.4.8.2}% 125
\BOOKMARK [3][-]{subsubsection.4.8.2.5}{\376\377\0004\000.\0008\000.\0002\000.\0005\000\040\000p\000r\000o\000\137\000c\000u\000r\000v\000e\000\137\000p\000o\000i\000n\000t\000\137\000g\000m\000p\000\137\000t\000e\000s\000t\000\050\000\051}{subsection.4.8.2}% 126
\BOOKMARK [3][-]{subsubsection.4.8.2.6}{\376\377\0004\000.\0008\000.\0002\000.\0006\000\040\000p\000r\000o\000\137\000d\000b\000l\000\137\000m\000a\000g\000m\000a\000\137\000t\000e\000s\000t\000\050\000\051}{subsection.4.8.2}% 127
\BOOKMARK [3][-]{subsubsection.4.8.2.7}{\376\377\0004\000.\0008\000.\0002\000.\0007\000\040\000p\000r\000o\000\137\000l\000a\000d\000d\000e\000r\000\137\000g\000m\000p\000\137\000t\000e\000s\000t\000\050\000\051}{subsection.4.8.2}% 128
\BOOKMARK [3][-]{subsubsection.4.8.2.8}{\376\377\0004\000.\0008\000.\0002\000.\0008\000\040\000p\000r\000o\000\137\000l\000a\000d\000d\000e\000r\000\137\000m\000a\000g\000m\000a\000\137\000t\000e\000s\000t\000\050\000\051}{subsection.4.8.2}% 129
\BOOKMARK [1][-]{section.4.9}{\376\377\0004\000.\0009\000\040\000t\000e\000s\000t\000.\000h\000\040\000F\000i\000l\000e\000\040\000R\000e\000f\000e\000r\000e\000n\000c\000e}{chapter.4}% 130
\BOOKMARK [2][-]{subsection.4.9.1}{\376\377\0004\000.\0009\000.\0001\000\040\000D\000e\000t\000a\000i\000l\000e\000d\000\040\000D\000e\000s\000c\000r\000i\000p\000t\000i\000o\000n}{section.4.9}% 131
\BOOKMARK [2][-]{subsection.4.9.2}{\376\377\0004\000.\0009\000.\0002\000\040\000F\000u\000n\000c\000t\000i\000o\000n\000\040\000D\000o\000c\000u\000m\000e\000n\000t\000a\000t\000i\000o\000n}{section.4.9}% 132
\BOOKMARK [3][-]{subsubsection.4.9.2.1}{\376\377\0004\000.\0009\000.\0002\000.\0001\000\040\000a\000f\000f\000\137\000c\000u\000r\000v\000e\000\137\000p\000o\000i\000n\000t\000\137\000g\000m\000p\000\137\000t\000e\000s\000t\000\050\000\051}{subsection.4.9.2}% 133
\BOOKMARK [3][-]{subsubsection.4.9.2.2}{\376\377\0004\000.\0009\000.\0002\000.\0002\000\040\000e\000c\000m\000\137\000t\000e\000s\000t\000\050\000\051}{subsection.4.9.2}% 134
\BOOKMARK [3][-]{subsubsection.4.9.2.3}{\376\377\0004\000.\0009\000.\0002\000.\0003\000\040\000p\000r\000o\000\137\000a\000d\000d\000\137\000g\000m\000p\000\137\000t\000e\000s\000t\000\050\000\051}{subsection.4.9.2}% 135
\BOOKMARK [3][-]{subsubsection.4.9.2.4}{\376\377\0004\000.\0009\000.\0002\000.\0004\000\040\000p\000r\000o\000\137\000a\000d\000d\000\137\000m\000a\000g\000m\000a\000\137\000t\000e\000s\000t\000\050\000\051}{subsection.4.9.2}% 136
\BOOKMARK [3][-]{subsubsection.4.9.2.5}{\376\377\0004\000.\0009\000.\0002\000.\0005\000\040\000p\000r\000o\000\137\000c\000u\000r\000v\000e\000\137\000p\000o\000i\000n\000t\000\137\000g\000m\000p\000\137\000t\000e\000s\000t\000\050\000\051}{subsection.4.9.2}% 137
\BOOKMARK [3][-]{subsubsection.4.9.2.6}{\376\377\0004\000.\0009\000.\0002\000.\0006\000\040\000p\000r\000o\000\137\000d\000b\000l\000\137\000m\000a\000g\000m\000a\000\137\000t\000e\000s\000t\000\050\000\051}{subsection.4.9.2}% 138
\BOOKMARK [3][-]{subsubsection.4.9.2.7}{\376\377\0004\000.\0009\000.\0002\000.\0007\000\040\000p\000r\000o\000\137\000l\000a\000d\000d\000e\000r\000\137\000g\000m\000p\000\137\000t\000e\000s\000t\000\050\000\051}{subsection.4.9.2}% 139
\BOOKMARK [3][-]{subsubsection.4.9.2.8}{\376\377\0004\000.\0009\000.\0002\000.\0008\000\040\000p\000r\000o\000\137\000l\000a\000d\000d\000e\000r\000\137\000m\000a\000g\000m\000a\000\137\000t\000e\000s\000t\000\050\000\051}{subsection.4.9.2}% 140
\BOOKMARK [0][-]{section*.18}{\376\377\000I\000n\000d\000e\000x}{}% 141
